2026-04-18 00:52:15,479 | INFO | 
========================================================================================
Experiment 0 — Build and annotate SynCRN
========================================================================================
2026-04-18 00:52:15,480 | INFO | repr: SynCRN(n_species=40, n_reactions=34, n_rules=34)
2026-04-18 00:52:15,480 | INFO | n_species: 40
2026-04-18 00:52:15,480 | INFO | n_reactions: 34
2026-04-18 00:52:15,480 | INFO | n_rules: 34
2026-04-18 00:52:15,481 | INFO | 
SynCRN: 40 species, 34 reactions
  41: A + B >> C + D rule 0
  42: E >> B + F rule 1
  43: C + G >> A + H rule 2
  44: I >> J rule 3
  45: J + K + L >> M + N + O rule 4
  46: J + K + P >> M + O + Q rule 5
  47: H >> J + I rule 6
  48: A + M >> R + C rule 7
  49: R >> E rule 8
  50: S + C >> A + T rule 9
  51: S + U >> T + V rule 10
  52: A + G >> W + H rule 11
  53: J + 2X + F >> 2O + R + 2Y rule 12
  54: A + S >> T + W rule 13
  55: T >> G rule 14
  56: Z + C >> A + B + AA rule 15
  57: Z + AB >> B + AA + AC rule 16
  58: B + F >> E rule 17
  59: Z + AD >> B + AA + AE rule 18
  60: F + H >> K + G rule 19
  61: J >> I rule 20
  62: M + N + O >> J + K + L rule 21
  63: M + O + Q >> J + K + P rule 22
  64: J + I >> H rule 23
  65: R + C >> A + M rule 24
  66: E >> R rule 25
  67: AF + D >> AA + AG rule 26
  68: L + AH + D >> N + O + AA + AI rule 27
  69: P + AH + D >> O + Q + AA + AI rule 28
  70: 2X + AH + D >> 2O + 2Y + AA + AI rule 29
  71: AH + AJ >> AI + AK rule 30
  72: AG + AL >> AF + AJ rule 31
  73: L + AK >> N + O + AL rule 32
  74: AH + AM + D >> AA + AI + AN rule 33
Species: A, B, C, D, E, F, G, H, I, J, K, L, M, N, O, P, Q, R, S, T, U, V, W, X, Y, Z, AA, AB, AC, AD, AE, AF, AG, AH, AI, AJ, AK, AL, AM, AN
2026-04-18 00:52:15,481 | INFO | Saved text: /home/minh/Documents/Workspace/SynKit/Data/Study/CRN/case_glycolysis/txt/00_syn_description.txt
2026-04-18 00:52:15,481 | INFO | Saved text: /home/minh/Documents/Workspace/SynKit/Data/Study/CRN/case_glycolysis/txt/01_equations_label.txt
2026-04-18 00:52:15,481 | INFO | Saved text: /home/minh/Documents/Workspace/SynKit/Data/Study/CRN/case_glycolysis/txt/02_equations_smiles.txt
2026-04-18 00:52:15,481 | INFO | Saved JSON: /home/minh/Documents/Workspace/SynKit/Data/Study/CRN/case_glycolysis/json/00_species_lookup.json
2026-04-18 00:52:15,481 | INFO | Saved JSON: /home/minh/Documents/Workspace/SynKit/Data/Study/CRN/case_glycolysis/json/01_rule_table.json
2026-04-18 00:52:15,481 | INFO | 
========================================================================================
Experiment 1 — Canonicalization sanity check
========================================================================================
2026-04-18 00:52:15,539 | INFO | Has nontrivial automorphism: True
2026-04-18 00:52:15,539 | INFO | Automorphism count: 2
2026-04-18 00:52:15,539 | INFO | Orbits: [[9], [43], [68], [74], [10], [70], [67], [32], [65], [52], [34], [56], [27], [72], [58], [44], [1], [73], [53], [7], [21], [49], [37], [8], [25], [64], [39], [60], [19], [33], [66], [2], [5], [38], [50], [26], [55], [6], [4], [14], [15], [20], [57, 59], [22], [28, 30], [41], [16], [45], [12], [3], [24], [42], [63], [36], [61], [51], [71], [18], [47], [48], [69], [35], [46], [17], [54], [40], [62], [29, 31], [11], [13], [23]]
2026-04-18 00:52:15,540 | INFO | Saved JSON: /home/minh/Documents/Workspace/SynKit/Data/Study/CRN/case_glycolysis/json/02_canonicalization.json
2026-04-18 00:52:15,540 | INFO | 
========================================================================================
Experiment 2 — Stoichiometric summary
========================================================================================
2026-04-18 00:52:15,566 | INFO | Stoichiometric matrix shape: (40, 34)
2026-04-18 00:52:15,567 | INFO | Species order (internal ids): [1, 27, 28, 29, 30, 31, 32, 33, 34, 35, 36, 37, 38, 39, 40, 2, 3, 4, 5, 6, 7, 8, 9, 10, 11, 12, 13, 14, 15, 16, 17, 18, 19, 20, 21, 22, 23, 24, 25, 26]
2026-04-18 00:52:15,567 | INFO | Species order (labels): ['A', 'AA', 'AB', 'AC', 'AD', 'AE', 'AF', 'AG', 'AH', 'AI', 'AJ', 'AK', 'AL', 'AM', 'AN', 'B', 'C', 'D', 'E', 'F', 'G', 'H', 'I', 'J', 'K', 'L', 'M', 'N', 'O', 'P', 'Q', 'R', 'S', 'T', 'U', 'V', 'W', 'X', 'Y', 'Z']
2026-04-18 00:52:15,567 | INFO | Reaction order: [41, 42, 43, 44, 45, 46, 47, 48, 49, 50, 51, 52, 53, 54, 55, 56, 57, 58, 59, 60, 61, 62, 63, 64, 65, 66, 67, 68, 69, 70, 71, 72, 73, 74]
2026-04-18 00:52:15,567 | INFO | Stoich summary: StoichSummary(
  n_species        = 40
  n_reactions      = 34
  rank             = 23
  dim_left_kernel  = 17
  dim_right_kernel = 11
)
2026-04-18 00:52:15,567 | INFO | Total integer conservation laws: 17
2026-04-18 00:52:15,567 | INFO | Saved JSON: /home/minh/Documents/Workspace/SynKit/Data/Study/CRN/case_glycolysis/json/03_stoich_summary.json
2026-04-18 00:52:15,567 | INFO | 
========================================================================================
Experiment 3A — Qualitative path search to H
========================================================================================
2026-04-18 00:52:15,568 | INFO | 
Qualitative candidates to H
===========================

Candidate 1
depth: 3
reactions: ['50', '55', '43']
rules: ['r10', 'r15', 'r3']
flow: {'50': 1, '55': 1, '43': 1}
reached_species: ['A', 'C', 'G', 'H', 'S', 'T']
realizable: False
certificate: None

Candidate 2
depth: 3
reactions: ['50', '55', '52']
rules: ['r10', 'r15', 'r12']
flow: {'50': 1, '55': 1, '52': 1}
reached_species: ['A', 'C', 'G', 'H', 'S', 'T', 'W']
realizable: False
certificate: None
2026-04-18 00:52:15,568 | INFO | Saved text: /home/minh/Documents/Workspace/SynKit/Data/Study/CRN/case_glycolysis/txt/03_path_H_qualitative.txt
2026-04-18 00:52:15,568 | INFO | Saved JSON: /home/minh/Documents/Workspace/SynKit/Data/Study/CRN/case_glycolysis/json/04_path_H_qualitative.json
2026-04-18 00:52:15,568 | INFO | 
========================================================================================
Experiment 3B — Qualitative path search to J
========================================================================================
2026-04-18 00:52:15,568 | INFO | 
Qualitative candidates to J
===========================

Candidate 1
depth: 4
reactions: ['50', '55', '43', '47']
rules: ['r10', 'r15', 'r3', 'r7']
flow: {'50': 1, '55': 1, '43': 1, '47': 1}
reached_species: ['A', 'C', 'G', 'H', 'I', 'J', 'S', 'T']
realizable: False
certificate: None

Candidate 2
depth: 4
reactions: ['50', '55', '52', '47']
rules: ['r10', 'r15', 'r12', 'r7']
flow: {'50': 1, '55': 1, '52': 1, '47': 1}
reached_species: ['A', 'C', 'G', 'H', 'I', 'J', 'S', 'T', 'W']
realizable: False
certificate: None
2026-04-18 00:52:15,569 | INFO | Saved text: /home/minh/Documents/Workspace/SynKit/Data/Study/CRN/case_glycolysis/txt/04_path_J_qualitative.txt
2026-04-18 00:52:15,569 | INFO | Saved JSON: /home/minh/Documents/Workspace/SynKit/Data/Study/CRN/case_glycolysis/json/05_path_J_qualitative.json
2026-04-18 00:52:15,569 | INFO | 
========================================================================================
Experiment 4A — Exact validation to H
========================================================================================
2026-04-18 00:52:15,569 | INFO | 
Validated candidates to H
=========================

Candidate 1
depth: 3
reactions: ['50', '55', '43']
rules: ['r10', 'r15', 'r3']
flow: {'50': 1, '55': 1, '43': 1}
reached_species: ['A', 'C', 'G', 'H', 'S', 'T']
realizable: False
certificate: None

Candidate 2
depth: 3
reactions: ['50', '55', '52']
rules: ['r10', 'r15', 'r12']
flow: {'50': 1, '55': 1, '52': 1}
reached_species: ['A', 'C', 'G', 'H', 'S', 'T', 'W']
realizable: True
certificate: ['50', '55', '52']
2026-04-18 00:52:15,570 | INFO | Saved text: /home/minh/Documents/Workspace/SynKit/Data/Study/CRN/case_glycolysis/txt/05_path_H_validated.txt
2026-04-18 00:52:15,570 | INFO | Saved JSON: /home/minh/Documents/Workspace/SynKit/Data/Study/CRN/case_glycolysis/json/06_path_H_validated.json
2026-04-18 00:52:15,570 | INFO | 
========================================================================================
Experiment 4B — Exact validation to J
========================================================================================
2026-04-18 00:52:15,570 | INFO | 
Validated candidates to J
=========================

Candidate 1
depth: 4
reactions: ['50', '55', '43', '47']
rules: ['r10', 'r15', 'r3', 'r7']
flow: {'50': 1, '55': 1, '43': 1, '47': 1}
reached_species: ['A', 'C', 'G', 'H', 'I', 'J', 'S', 'T']
realizable: False
certificate: None

Candidate 2
depth: 4
reactions: ['50', '55', '52', '47']
rules: ['r10', 'r15', 'r12', 'r7']
flow: {'50': 1, '55': 1, '52': 1, '47': 1}
reached_species: ['A', 'C', 'G', 'H', 'I', 'J', 'S', 'T', 'W']
realizable: True
certificate: ['50', '55', '52', '47']
2026-04-18 00:52:15,570 | INFO | Saved text: /home/minh/Documents/Workspace/SynKit/Data/Study/CRN/case_glycolysis/txt/06_path_J_validated.txt
2026-04-18 00:52:15,571 | INFO | Saved JSON: /home/minh/Documents/Workspace/SynKit/Data/Study/CRN/case_glycolysis/json/07_path_J_validated.json
2026-04-18 00:52:15,571 | INFO | 
========================================================================================
Experiment 5A — Exact realizability for best H certificate
========================================================================================
2026-04-18 00:52:15,571 | INFO | Exact realizable: True
2026-04-18 00:52:15,571 | INFO | Certificate: ['50', '55', '52']
2026-04-18 00:52:15,571 | INFO | Scaled realizable: True scale=1
2026-04-18 00:52:15,571 | INFO | Borrow realizable: True borrow={}
2026-04-18 00:52:15,571 | INFO | Summary: RealizabilitySummary(n_species=40, n_reactions=34, active_flow={'50': 1, '52': 1, '55': 1}, initial_marking={'C': 1, 'S': 1}, goal_exact={'__ext__50': 0, '__target__50': 1, '__ext__52': 0, '__target__52': 1, '__ext__55': 0, '__target__55': 1}, goal_atleast={})
2026-04-18 00:52:15,571 | INFO | Saved JSON: /home/minh/Documents/Workspace/SynKit/Data/Study/CRN/case_glycolysis/json/08_realizability_H.json
2026-04-18 00:52:15,571 | INFO | 
========================================================================================
Experiment 5B — Initial-marking sensitivity for false-positive H path
========================================================================================
2026-04-18 00:52:15,571 | INFO | init={'C': 1, 'S': 1} -> realizable=False certificate=None
2026-04-18 00:52:15,572 | INFO | init={'C': 2, 'S': 1} -> realizable=True certificate=['50', '55', '43']
2026-04-18 00:52:15,572 | INFO | init={'C': 1, 'S': 1, 'G': 1} -> realizable=False certificate=None
2026-04-18 00:52:15,572 | INFO | Saved JSON: /home/minh/Documents/Workspace/SynKit/Data/Study/CRN/case_glycolysis/json/09_initial_marking_sensitivity.json
2026-04-18 00:52:15,572 | INFO | 
========================================================================================
Experiment 6A — Trace realizable H certificate back to real molecules
========================================================================================
2026-04-18 00:52:15,572 | INFO | 
H certificate trace
===================

reaction_id: 50
rule_repr  : r10
label      : 50: S + C >> A + T  (rule_id=10, rule_repr=r10)
smiles     : 50: OC[C@H]1O[C@H](O)[C@H](O)[C@@H](O)[C@@H]1O + Nc1ncnc2c1ncn2[C@@H]1O[C@H](COP(=O)(O)OP(=O)(O)OP(=O)(O)O)[C@@H](O)[C@H]1O >> Nc1ncnc2c1ncn2[C@@H]1O[C@H](COP(=O)(O)OP(=O)(O)O)[C@@H](O)[C@H]1O + O=P(O)(O)OC[C@H]1O[C@H](O)[C@H](O)[C@@H](O)[C@@H]1O  (rule_id=10, rule_repr=r10)
lhs:
  - coeff=1 label=S smiles=OC[C@H]1O[C@H](O)[C@H](O)[C@@H](O)[C@@H]1O
  - coeff=1 label=C smiles=Nc1ncnc2c1ncn2[C@@H]1O[C@H](COP(=O)(O)OP(=O)(O)OP(=O)(O)O)[C@@H](O)[C@H]1O
rhs:
  - coeff=1 label=A smiles=Nc1ncnc2c1ncn2[C@@H]1O[C@H](COP(=O)(O)OP(=O)(O)O)[C@@H](O)[C@H]1O
  - coeff=1 label=T smiles=O=P(O)(O)OC[C@H]1O[C@H](O)[C@H](O)[C@@H](O)[C@@H]1O

reaction_id: 55
rule_repr  : r15
label      : 55: T >> G  (rule_id=15, rule_repr=r15)
smiles     : 55: O=P(O)(O)OC[C@H]1O[C@H](O)[C@H](O)[C@@H](O)[C@@H]1O >> O=P(O)(O)OC[C@H]1OC(O)(CO)[C@@H](O)[C@@H]1O  (rule_id=15, rule_repr=r15)
lhs:
  - coeff=1 label=T smiles=O=P(O)(O)OC[C@H]1O[C@H](O)[C@H](O)[C@@H](O)[C@@H]1O
rhs:
  - coeff=1 label=G smiles=O=P(O)(O)OC[C@H]1OC(O)(CO)[C@@H](O)[C@@H]1O

reaction_id: 52
rule_repr  : r12
label      : 52: A + G >> W + H  (rule_id=12, rule_repr=r12)
smiles     : 52: Nc1ncnc2c1ncn2[C@@H]1O[C@H](COP(=O)(O)OP(=O)(O)O)[C@@H](O)[C@H]1O + O=P(O)(O)OC[C@H]1OC(O)(CO)[C@@H](O)[C@@H]1O >> Nc1ncnc2c1ncn2[C@@H]1O[C@H](COP(=O)(O)O)[C@@H](O)[C@H]1O + O=P(O)(O)OC[C@H]1OC(O)(COP(=O)(O)O)[C@@H](O)[C@@H]1O  (rule_id=12, rule_repr=r12)
lhs:
  - coeff=1 label=A smiles=Nc1ncnc2c1ncn2[C@@H]1O[C@H](COP(=O)(O)OP(=O)(O)O)[C@@H](O)[C@H]1O
  - coeff=1 label=G smiles=O=P(O)(O)OC[C@H]1OC(O)(CO)[C@@H](O)[C@@H]1O
rhs:
  - coeff=1 label=W smiles=Nc1ncnc2c1ncn2[C@@H]1O[C@H](COP(=O)(O)O)[C@@H](O)[C@H]1O
  - coeff=1 label=H smiles=O=P(O)(O)OC[C@H]1OC(O)(COP(=O)(O)O)[C@@H](O)[C@@H]1O
2026-04-18 00:52:15,572 | INFO | Saved text: /home/minh/Documents/Workspace/SynKit/Data/Study/CRN/case_glycolysis/txt/07_trace_H.txt
2026-04-18 00:52:15,572 | INFO | Saved JSON: /home/minh/Documents/Workspace/SynKit/Data/Study/CRN/case_glycolysis/json/10_trace_H.json
2026-04-18 00:52:15,572 | INFO | 
========================================================================================
Experiment 6B — Trace realizable J certificate back to real molecules
========================================================================================
2026-04-18 00:52:15,572 | INFO | 
J certificate trace
===================

reaction_id: 50
rule_repr  : r10
label      : 50: S + C >> A + T  (rule_id=10, rule_repr=r10)
smiles     : 50: OC[C@H]1O[C@H](O)[C@H](O)[C@@H](O)[C@@H]1O + Nc1ncnc2c1ncn2[C@@H]1O[C@H](COP(=O)(O)OP(=O)(O)OP(=O)(O)O)[C@@H](O)[C@H]1O >> Nc1ncnc2c1ncn2[C@@H]1O[C@H](COP(=O)(O)OP(=O)(O)O)[C@@H](O)[C@H]1O + O=P(O)(O)OC[C@H]1O[C@H](O)[C@H](O)[C@@H](O)[C@@H]1O  (rule_id=10, rule_repr=r10)
lhs:
  - coeff=1 label=S smiles=OC[C@H]1O[C@H](O)[C@H](O)[C@@H](O)[C@@H]1O
  - coeff=1 label=C smiles=Nc1ncnc2c1ncn2[C@@H]1O[C@H](COP(=O)(O)OP(=O)(O)OP(=O)(O)O)[C@@H](O)[C@H]1O
rhs:
  - coeff=1 label=A smiles=Nc1ncnc2c1ncn2[C@@H]1O[C@H](COP(=O)(O)OP(=O)(O)O)[C@@H](O)[C@H]1O
  - coeff=1 label=T smiles=O=P(O)(O)OC[C@H]1O[C@H](O)[C@H](O)[C@@H](O)[C@@H]1O

reaction_id: 55
rule_repr  : r15
label      : 55: T >> G  (rule_id=15, rule_repr=r15)
smiles     : 55: O=P(O)(O)OC[C@H]1O[C@H](O)[C@H](O)[C@@H](O)[C@@H]1O >> O=P(O)(O)OC[C@H]1OC(O)(CO)[C@@H](O)[C@@H]1O  (rule_id=15, rule_repr=r15)
lhs:
  - coeff=1 label=T smiles=O=P(O)(O)OC[C@H]1O[C@H](O)[C@H](O)[C@@H](O)[C@@H]1O
rhs:
  - coeff=1 label=G smiles=O=P(O)(O)OC[C@H]1OC(O)(CO)[C@@H](O)[C@@H]1O

reaction_id: 52
rule_repr  : r12
label      : 52: A + G >> W + H  (rule_id=12, rule_repr=r12)
smiles     : 52: Nc1ncnc2c1ncn2[C@@H]1O[C@H](COP(=O)(O)OP(=O)(O)O)[C@@H](O)[C@H]1O + O=P(O)(O)OC[C@H]1OC(O)(CO)[C@@H](O)[C@@H]1O >> Nc1ncnc2c1ncn2[C@@H]1O[C@H](COP(=O)(O)O)[C@@H](O)[C@H]1O + O=P(O)(O)OC[C@H]1OC(O)(COP(=O)(O)O)[C@@H](O)[C@@H]1O  (rule_id=12, rule_repr=r12)
lhs:
  - coeff=1 label=A smiles=Nc1ncnc2c1ncn2[C@@H]1O[C@H](COP(=O)(O)OP(=O)(O)O)[C@@H](O)[C@H]1O
  - coeff=1 label=G smiles=O=P(O)(O)OC[C@H]1OC(O)(CO)[C@@H](O)[C@@H]1O
rhs:
  - coeff=1 label=W smiles=Nc1ncnc2c1ncn2[C@@H]1O[C@H](COP(=O)(O)O)[C@@H](O)[C@H]1O
  - coeff=1 label=H smiles=O=P(O)(O)OC[C@H]1OC(O)(COP(=O)(O)O)[C@@H](O)[C@@H]1O

reaction_id: 47
rule_repr  : r7
label      : 47: H >> J + I  (rule_id=7, rule_repr=r7)
smiles     : 47: O=P(O)(O)OC[C@H]1OC(O)(COP(=O)(O)O)[C@@H](O)[C@@H]1O >> O=C[C@H](O)COP(=O)(O)O + O=C(CO)COP(=O)(O)O  (rule_id=7, rule_repr=r7)
lhs:
  - coeff=1 label=H smiles=O=P(O)(O)OC[C@H]1OC(O)(COP(=O)(O)O)[C@@H](O)[C@@H]1O
rhs:
  - coeff=1 label=J smiles=O=C[C@H](O)COP(=O)(O)O
  - coeff=1 label=I smiles=O=C(CO)COP(=O)(O)O
2026-04-18 00:52:15,573 | INFO | Saved text: /home/minh/Documents/Workspace/SynKit/Data/Study/CRN/case_glycolysis/txt/08_trace_J.txt
2026-04-18 00:52:15,573 | INFO | Saved JSON: /home/minh/Documents/Workspace/SynKit/Data/Study/CRN/case_glycolysis/json/11_trace_J.json
2026-04-18 00:52:15,573 | INFO | 
========================================================================================
Experiment 7A — Minimal realizing subnetwork to H
========================================================================================
2026-04-18 00:52:15,573 | INFO | 
SynCRN: 7 species, 3 reactions
  8: S + C >> A + T rule 0
  9: T >> G rule 1
  10: A + G >> W + H rule 2
Species: S, C, A, T, G, W, H
2026-04-18 00:52:15,573 | INFO | Saved text: /home/minh/Documents/Workspace/SynKit/Data/Study/CRN/case_glycolysis/txt/09_subnetwork_H_description.txt
2026-04-18 00:52:15,573 | INFO | Saved text: /home/minh/Documents/Workspace/SynKit/Data/Study/CRN/case_glycolysis/txt/10_subnetwork_H_label.txt
2026-04-18 00:52:15,573 | INFO | Saved text: /home/minh/Documents/Workspace/SynKit/Data/Study/CRN/case_glycolysis/txt/11_subnetwork_H_smiles.txt
2026-04-18 00:52:15,573 | INFO | 
========================================================================================
Experiment 7B — Minimal realizing subnetwork to J
========================================================================================
2026-04-18 00:52:15,574 | INFO | 
SynCRN: 9 species, 4 reactions
  10: S + C >> A + T rule 0
  11: T >> G rule 1
  12: A + G >> W + H rule 2
  13: H >> J + I rule 3
Species: S, C, A, T, G, W, H, J, I
2026-04-18 00:52:15,574 | INFO | Saved text: /home/minh/Documents/Workspace/SynKit/Data/Study/CRN/case_glycolysis/txt/12_subnetwork_J_description.txt
2026-04-18 00:52:15,574 | INFO | Saved text: /home/minh/Documents/Workspace/SynKit/Data/Study/CRN/case_glycolysis/txt/13_subnetwork_J_label.txt
2026-04-18 00:52:15,574 | INFO | Saved text: /home/minh/Documents/Workspace/SynKit/Data/Study/CRN/case_glycolysis/txt/14_subnetwork_J_smiles.txt
2026-04-18 00:52:15,574 | INFO | 
========================================================================================
Experiment 8 — Petri structural analysis
========================================================================================
2026-04-18 00:52:16,510 | INFO | persistence_ok=False, p_semiflows=17, t_semiflows=11, siphons=13, traps=15
2026-04-18 00:52:16,511 | INFO | Petri summary object: PetriSummary(p_semiflows=array([[ 2.99124005e-01, -1.43497363e-01, -4.50736384e-02,
        -4.84415189e-02, -1.34382670e-01,  5.51296974e-02,
         2.75419999e-01,  5.65686690e-02,  3.58773754e-02,
        -6.11716585e-02,  3.30690541e-01, -9.29385706e-03,
         9.29385706e-03, -1.23542500e-02,  2.02263828e-02,
        -5.42449481e-02, -2.59208154e-02],
       [ 8.92732261e-03, -9.73059683e-02,  1.87820528e-01,
         2.49497123e-01,  1.00963826e-01,  7.19027270e-02,
         5.04367028e-02,  1.41894356e-01, -1.90280820e-01,
        -1.78806288e-01, -3.02613375e-02, -1.02172073e-05,
         1.02172073e-05, -1.48038402e-01, -6.70916996e-02,
        -5.06338681e-02,  2.20620221e-01],
       [-2.03694998e-01,  3.69561245e-01, -2.84236356e-01,
         3.88453665e-02, -1.79386129e-01,  1.65551587e-01,
         3.04987416e-01, -1.73234931e-01, -2.44513986e-01,
        -9.05546790e-02,  1.26570325e-02, -1.43839859e-03,
         1.43839859e-03, -5.26670139e-02, -7.33649384e-02,
         3.66014045e-02,  9.88526315e-02],
       [-1.77574574e-01,  2.22231389e-01, -4.65935586e-01,
         1.41851605e-01, -2.09864742e-01,  2.26312434e-01,
         2.23347730e-01, -6.15642878e-02, -1.01600565e-01,
        -8.10085730e-02, -5.75265347e-02,  1.24901512e-02,
        -1.24901512e-02, -5.35882884e-02, -9.09668967e-02,
         8.61700277e-02,  1.55722604e-01],
       [-1.48862515e-01, -2.59339232e-01,  1.44198211e-01,
        -1.58164982e-01, -1.31378109e-01, -3.72332587e-02,
         3.81495566e-01, -1.91787294e-02, -2.12202774e-01,
         8.21674627e-02, -3.37569340e-01,  1.55315236e-02,
        -1.55315236e-02,  8.32417020e-02,  1.70925700e-01,
        -9.35035614e-02, -1.39699753e-01],
       [-1.22742092e-01, -4.06669089e-01, -3.75010192e-02,
        -5.51587442e-02, -1.61856722e-01,  2.35275879e-02,
         2.99855880e-01,  9.24919136e-02, -6.92893530e-02,
         9.17135687e-02, -4.07752907e-01,  2.94600734e-02,
        -2.94600734e-02,  8.23204276e-02,  1.53323741e-01,
        -4.39349382e-02, -8.28297804e-02],
       [-1.10446004e-01,  1.23996646e-01,  3.52775489e-01,
         2.31748246e-01,  2.28614673e-01,  2.65612429e-01,
         3.42683489e-01,  5.90454119e-02,  3.13937048e-01,
        -1.01220436e-01, -3.99845271e-02, -2.41193280e-03,
         2.41193280e-03,  4.74927846e-02, -7.42594451e-02,
         1.22708428e-01, -3.01583326e-02],
       [ 1.45742996e-02,  1.78703622e-01,  4.66794783e-02,
         5.96666870e-02,  2.19206546e-01,  2.85331893e-01,
         2.20863629e-01,  7.42080440e-02,  3.44050451e-01,
         5.65957823e-02, -7.71020890e-02, -5.32588204e-03,
         5.32588204e-03,  2.57288410e-01, -2.76194319e-02,
         2.44648539e-01, -3.28002171e-01],
       [-2.28877488e-01, -1.67224953e-01, -4.52377949e-02,
         1.46572244e-01,  1.92084726e-01, -1.93107975e-01,
         9.01752446e-02, -2.36478758e-01,  1.52351419e-01,
        -5.50061187e-01,  5.90928956e-02, -1.48668552e-02,
         1.48668552e-02, -7.55066834e-02,  1.09096247e-01,
        -2.24723165e-01, -1.02679035e-02],
       [-5.80251226e-02, -1.50135874e-01, -3.06806930e-01,
         1.30357250e-02,  2.00151476e-01, -2.80938997e-02,
        -1.09369246e-01, -1.83400851e-01, -6.35950743e-02,
        -4.11624079e-01,  4.30611416e-02, -6.13034605e-02,
         6.13034605e-02,  1.79431645e-01,  5.84105750e-02,
        -4.33502523e-02, -4.61573374e-01],
       [ 2.54522205e-01,  1.82135090e-01, -1.12956396e-01,
        -2.59618241e-01, -2.24377352e-01,  1.18934438e-01,
        -1.80028757e-01,  1.44850419e-01,  4.62104148e-02,
        -1.73078205e-01, -2.51527711e-01, -8.00541915e-02,
         8.00541915e-02,  7.13030556e-02, -8.17095953e-02,
        -1.43068795e-02, -3.16994442e-01],
       [ 8.36698399e-02,  1.65046011e-01,  1.48612739e-01,
        -1.26081722e-01, -2.32444101e-01, -4.60796370e-02,
         1.95157332e-02,  9.17725129e-02,  2.62156908e-01,
        -3.11515314e-01, -2.35495957e-01, -3.36175863e-02,
         3.36175863e-02, -1.83635273e-01, -3.10239231e-02,
        -1.95679793e-01,  1.34311028e-01],
       [ 1.29501901e-01,  1.27428114e-01,  1.93139615e-01,
        -8.75366818e-02, -2.14969225e-01,  9.92149746e-02,
        -5.82088976e-02,  1.29687787e-01,  1.60970115e-02,
        -3.30894423e-01, -2.14410149e-01, -7.71402423e-02,
         7.71402423e-02, -1.38492570e-01, -1.28349609e-01,
        -1.36246991e-01, -1.91506038e-02],
       [ 3.23470415e-01, -8.49551737e-03, -2.56505423e-02,
         2.85631337e-01,  7.49504502e-02,  3.73647222e-02,
         2.72068409e-02, -3.27982475e-01, -8.68652236e-02,
         2.04922166e-01, -1.95591838e-01, -1.28810586e-01,
         1.28810586e-01, -1.32094532e-01, -1.86500399e-01,
        -1.73650887e-01, -1.71074069e-01],
       [ 2.77638354e-01,  2.91223801e-02, -7.01774179e-02,
         2.47086297e-01,  5.74755741e-02, -1.07929889e-01,
         1.04931472e-01, -3.65897749e-01,  1.59194673e-01,
         2.24301276e-01, -2.16677646e-01, -8.52879299e-02,
         8.52879299e-02, -1.77237236e-01, -8.91747134e-02,
        -2.33083688e-01, -1.76124368e-02],
       [ 1.07827203e-01,  1.04730864e-01,  6.34237478e-02,
        -2.55906741e-02,  1.22034311e-01,  3.08613443e-02,
         1.02565294e-02,  4.53863450e-02, -3.03080838e-01,
        -3.05361755e-02,  2.80466775e-03, -1.68527162e-02,
         1.68527162e-02,  6.26784974e-02, -2.84972806e-03,
         2.17376200e-02, -1.34093589e-01],
       [ 2.73003582e-01,  3.83249330e-03,  1.36625592e-01,
        -1.51447757e-01, -1.03904057e-01, -5.63114926e-03,
         3.57059686e-01, -5.51019740e-02, -1.07036045e-01,
        -7.07177645e-02,  4.00874108e-01, -2.32224068e-02,
         2.32224068e-02, -1.14329756e-02,  3.78283411e-02,
        -1.03813571e-01, -8.27907876e-02],
       [ 1.33947626e-01, -4.25989921e-02, -1.18275483e-01,
         7.74155639e-02,  9.15556991e-02,  9.16221909e-02,
        -7.13831570e-02,  1.57056988e-01, -1.60167417e-01,
        -2.09900694e-02, -6.73788994e-02, -2.92416645e-03,
         2.92416645e-03,  6.17572229e-02, -2.04516864e-02,
         7.13062432e-02, -7.72236168e-02],
       [ 1.11389435e-01, -1.21550290e-01, -8.17841144e-02,
        -2.15389850e-01,  1.98044192e-01,  7.58293889e-02,
         1.75175141e-02, -5.49918380e-02, -6.44729351e-02,
        -5.97601332e-02, -9.11464444e-02, -8.83293706e-03,
         8.83293706e-03, -2.77592211e-02, -1.86981991e-01,
         1.74852132e-01,  1.00447297e-01],
       [ 3.56223208e-03, -2.26281154e-01, -1.45207862e-01,
        -1.89799176e-01,  7.60098802e-02,  4.49680447e-02,
         7.26098473e-03, -1.00378183e-01,  2.38607903e-01,
        -2.92239577e-02, -9.39511122e-02,  8.01977916e-03,
        -8.01977916e-03, -9.04377184e-02, -1.84132263e-01,
         1.53114512e-01,  2.34540886e-01],
       [ 1.50110706e-01,  1.37367667e-01, -1.43905486e-01,
        -2.52651910e-02,  1.78640258e-01, -1.68105688e-01,
         9.43226340e-02,  1.26612785e-01,  2.88715385e-02,
        -1.27680257e-02, -1.06745848e-01,  6.72684293e-02,
        -6.72684293e-02,  3.41503131e-02,  1.71349956e-01,
        -2.58217403e-02,  9.56060585e-02],
       [ 1.23990283e-01,  2.84697524e-01,  3.77937443e-02,
        -1.28271429e-01,  2.09118870e-01, -2.28866535e-01,
         1.75962320e-01,  1.49421422e-02, -1.14041882e-01,
        -2.23141317e-02, -3.65622804e-02,  5.33398796e-02,
        -5.33398796e-02,  3.50715876e-02,  1.88951915e-01,
        -7.53903635e-02,  3.87360863e-02],
       [ 6.19951414e-02,  1.42348762e-01,  1.88968722e-02,
        -6.41357145e-02,  1.04559435e-01, -1.14433267e-01,
         8.79811602e-02,  7.47107112e-03, -5.70209411e-02,
        -1.11570659e-02, -1.82811402e-02,  2.66699398e-02,
        -2.66699398e-02,  1.75357938e-02,  9.44759573e-02,
        -3.76951818e-02,  1.93680431e-02],
       [ 6.19951414e-02,  1.42348762e-01,  1.88968722e-02,
        -6.41357145e-02,  1.04559435e-01, -1.14433267e-01,
         8.79811602e-02,  7.47107112e-03, -5.70209411e-02,
        -1.11570659e-02, -1.82811402e-02,  2.66699398e-02,
        -2.66699398e-02,  1.75357938e-02,  9.44759573e-02,
        -3.76951818e-02,  1.93680431e-02],
       [-2.25581914e-02, -7.89512976e-02,  3.64913686e-02,
        -2.92805414e-01,  1.06488492e-01, -1.57928019e-02,
         8.89006710e-02, -2.12048826e-01,  9.56944819e-02,
        -3.87700637e-02, -2.37675450e-02, -5.90877061e-03,
         5.90877061e-03, -8.95164440e-02, -1.66530305e-01,
         1.03545889e-01,  1.77670914e-01],
       [-4.30190581e-02, -8.02349792e-03, -3.05441116e-02,
        -7.93375128e-02,  1.07639915e-01,  1.99587937e-01,
        -3.96454720e-02,  5.48553842e-02, -5.01225196e-02,
         5.60560552e-02,  3.29694191e-02,  3.78696510e-01,
        -3.78696510e-01, -3.62287138e-01, -1.01519060e-01,
        -1.74771457e-01, -2.79132317e-01],
       [ 8.52690113e-02,  2.57795668e-02,  9.99151163e-02,
        -3.18396088e-01,  2.28522804e-01,  1.50685423e-02,
         9.91572004e-02, -1.66662481e-01, -2.07386356e-01,
        -6.93062392e-02, -2.09628772e-02, -2.27614868e-02,
         2.27614868e-02, -2.68379466e-02, -1.69380033e-01,
         1.25283509e-01,  4.35773250e-02],
       [ 4.30190581e-02,  8.02349792e-03,  3.05441116e-02,
         7.93375128e-02, -1.07639915e-01, -1.99587937e-01,
         3.96454720e-02, -5.48553842e-02,  5.01225196e-02,
        -5.60560552e-02, -3.29694191e-02,  4.44365493e-01,
        -4.44365493e-01, -2.25465412e-01, -1.63076917e-01,
         1.56782581e-01, -1.99772877e-01],
       [-1.31870177e-01,  2.15709016e-02, -1.05615099e-01,
        -1.97220066e-01,  1.97804953e-01,  2.53881262e-01,
        -1.56631326e-03,  7.17954946e-02,  1.45814857e-01,
         1.31491220e-01,  4.48530303e-02, -2.21463271e-02,
         2.21463271e-02, -1.81964430e-01,  1.58883542e-01,
        -3.90986840e-01,  7.41021925e-02],
       [-4.30190581e-02, -8.02349792e-03, -3.05441116e-02,
        -7.93375128e-02,  1.07639915e-01,  1.99587937e-01,
        -3.96454720e-02,  5.48553842e-02, -5.01225196e-02,
         5.60560552e-02,  3.29694191e-02,  1.13307952e-01,
        -1.13307952e-01,  3.93807384e-01, -3.00644007e-01,
        -5.07299410e-01,  9.13178349e-02],
       [ 4.30190581e-02,  8.02349792e-03,  3.05441116e-02,
         7.93375128e-02, -1.07639915e-01, -1.99587937e-01,
         3.96454720e-02, -5.48553842e-02,  5.01225196e-02,
        -5.60560552e-02, -3.29694191e-02,  1.78976935e-01,
        -1.78976935e-01,  5.30629111e-01, -3.62201863e-01,
        -1.75745371e-01,  1.70677275e-01],
       [ 1.11389435e-01, -1.21550290e-01, -8.17841144e-02,
        -2.15389850e-01,  1.98044192e-01,  7.58293889e-02,
         1.75175141e-02, -5.49918380e-02, -6.44729351e-02,
        -5.97601332e-02, -9.11464444e-02, -8.83293706e-03,
         8.83293706e-03, -2.77592211e-02, -1.86981991e-01,
         1.74852132e-01,  1.00447297e-01],
       [ 1.76231130e-01, -9.96218922e-03, -3.25604717e-01,
         7.77410470e-02,  1.48161646e-01, -1.07344841e-01,
         1.26829477e-02,  2.38283428e-01,  1.71784959e-01,
        -3.22191966e-03, -1.76929415e-01,  8.11969791e-02,
        -8.11969791e-02,  3.32290387e-02,  1.53747998e-01,
         2.37468829e-02,  1.52476031e-01],
       [ 1.50110706e-01,  1.37367667e-01, -1.43905486e-01,
        -2.52651910e-02,  1.78640258e-01, -1.68105688e-01,
         9.43226340e-02,  1.26612785e-01,  2.88715385e-02,
        -1.27680257e-02, -1.06745848e-01,  6.72684293e-02,
        -6.72684293e-02,  3.41503131e-02,  1.71349956e-01,
        -2.58217403e-02,  9.56060585e-02],
       [-1.30602118e-02,  7.36649283e-02,  9.08496154e-02,
        -5.15031190e-02,  1.52393061e-02, -3.03804233e-02,
         4.08198432e-02, -5.58353215e-02, -7.14567104e-02,
        -4.77305302e-03,  3.50917836e-02,  4.93035725e-01,
         5.06964275e-01,  4.60637219e-04,  8.80097915e-03,
        -2.47843116e-02, -2.84349861e-02],
       [ 1.30602118e-02, -7.36649283e-02, -9.08496154e-02,
         5.15031190e-02, -1.52393061e-02,  3.03804233e-02,
        -4.08198432e-02,  5.58353215e-02,  7.14567104e-02,
         4.77305302e-03, -3.50917836e-02,  5.06964275e-01,
         4.93035725e-01, -4.60637219e-04, -8.80097915e-03,
         2.47843116e-02,  2.84349861e-02],
       [ 3.25244429e-01, -2.90827220e-01, -2.26772869e-01,
         5.45647191e-02, -1.64861282e-01,  1.15890544e-01,
         1.93780313e-01,  1.68239312e-01,  1.78790796e-01,
        -5.16255525e-02,  2.60506973e-01,  4.63469270e-03,
        -4.63469270e-03, -1.32755244e-02,  2.62442456e-03,
        -4.67632484e-03,  3.09491568e-02],
       [ 1.30733411e-01, -1.19417234e-02,  5.55485028e-02,
        -7.12180040e-02,  3.06433415e-02,  4.73837014e-01,
        -1.70361182e-01, -2.66625795e-01, -7.88194046e-03,
        -3.51481218e-02, -3.43678549e-02,  1.33668888e-01,
        -1.33668888e-01,  6.45266260e-02,  4.04843315e-01,
        -1.29219429e-01,  1.61440048e-01],
       [ 2.39687558e-01, -1.47036763e-02,  1.38900164e-01,
         1.06729542e-01, -1.75899050e-01,  1.47308446e-01,
        -1.29932553e-01, -3.57378927e-01, -3.06668496e-02,
        -1.56949787e-01, -8.97637892e-02,  1.77576543e-01,
        -1.77576543e-01,  2.23919704e-01,  2.94622615e-01,
         2.32051010e-01,  1.64068672e-01],
       [ 1.42874949e-01, -1.39904960e-01,  6.95450446e-02,
         3.26912687e-01,  1.92519525e-01,  1.63524918e-01,
        -2.09464541e-02,  2.98951344e-01, -3.50448237e-01,
        -1.99796357e-01, -9.76402369e-02, -2.93438366e-03,
         2.93438366e-03, -8.62811793e-02, -8.75433859e-02,
         2.06723751e-02,  1.43396604e-01]]), t_semiflows=array([[ 0.00000000e+00,  0.00000000e+00,  0.00000000e+00,
         0.00000000e+00,  0.00000000e+00,  0.00000000e+00,
         0.00000000e+00,  0.00000000e+00,  0.00000000e+00,
         0.00000000e+00,  2.71380882e-16],
       [-1.94303053e-01,  3.34337470e-01,  1.08831523e-01,
         1.81781548e-01,  2.61252168e-01,  3.94636177e-01,
         2.24808449e-02,  1.84707261e-01,  4.87585691e-02,
        -9.09558172e-02, -1.90559758e-01],
       [ 3.30393348e-01, -2.05351367e-02,  9.80095434e-02,
         9.61305610e-02,  6.70074826e-02,  2.10040766e-01,
         2.06277389e-01, -1.30073640e-01,  9.42505951e-02,
        -1.64117713e-01,  3.02316990e-01],
       [-1.34824203e-01, -3.12791811e-02,  4.20040640e-01,
         2.14445472e-01,  1.45003282e-01, -1.17546587e-01,
        -3.23278158e-01, -3.24251728e-01, -4.89963386e-02,
         3.01122470e-02,  1.03075489e-01],
       [ 2.73402966e-01,  1.22851318e-01, -1.53628793e-01,
        -2.48552710e-01,  2.16589981e-01,  2.32971176e-01,
        -1.56899481e-01, -3.39430661e-01,  1.44387332e-01,
         3.93949111e-01, -1.07274024e-01],
       [ 2.00735604e-02,  3.45565178e-01, -3.25928218e-01,
         1.05093128e-01, -1.04342157e-01,  1.89551692e-03,
        -2.78205833e-01, -3.45101461e-02, -3.01331280e-01,
        -2.58292034e-01,  3.40724034e-01],
       [-2.68981571e-01,  5.61361262e-02, -1.48939405e-02,
         1.14612809e-02, -6.32451753e-04,  3.02198814e-02,
         7.74292228e-02,  1.64539664e-01,  1.59688245e-01,
         3.92186132e-01,  4.59186166e-01],
       [ 1.77214761e-01,  2.02202210e-01,  1.28780132e-01,
        -3.01507703e-01,  1.98016465e-01, -2.11726745e-01,
        -1.62310405e-01,  1.70719616e-01,  3.76958839e-01,
        -2.53942362e-01,  1.56991129e-01],
       [-2.11946419e-01,  1.06825871e-01, -1.56437538e-01,
         1.31227363e-01, -2.76484004e-01, -7.36530699e-03,
         5.38941389e-02, -3.16504153e-01,  4.43547799e-01,
        -1.42041725e-01, -7.40676277e-02],
       [-1.61602285e-02,  2.50789604e-01, -2.31238927e-03,
         2.50007276e-02, -1.08369633e-01, -2.64208512e-01,
        -1.26398442e-01,  1.22905524e-01, -1.61996961e-02,
         2.01600044e-01, -2.12863711e-01],
       [-7.44780201e-17, -4.76071690e-18,  3.82661008e-17,
        -1.23254552e-16,  7.92675673e-17, -4.46826264e-17,
         1.25890162e-16, -8.78961941e-18,  6.15036356e-17,
        -9.40580827e-17,  2.72868444e-17],
       [-1.61602285e-02,  2.50789604e-01, -2.31238927e-03,
         2.50007276e-02, -1.08369633e-01, -2.64208512e-01,
        -1.26398442e-01,  1.22905524e-01, -1.61996961e-02,
         2.01600044e-01, -2.12863711e-01],
       [-3.14233119e-01, -2.30254468e-01, -9.56971541e-02,
        -1.21131289e-01,  4.13621506e-02,  5.41677462e-02,
        -7.98789464e-02,  7.16811586e-03, -7.80508990e-02,
        -3.74823315e-02, -8.94532797e-02],
       [ 1.61602285e-02, -2.50789604e-01,  2.31238927e-03,
        -2.50007276e-02,  1.08369633e-01,  2.64208512e-01,
         1.26398442e-01, -1.22905524e-01,  1.61996961e-02,
        -2.01600044e-01,  2.12863711e-01],
       [ 1.33458618e-16,  2.49356727e-16,  6.58173078e-17,
        -5.11498532e-18,  1.60124272e-16, -3.51146535e-17,
         1.44726700e-16,  1.91979603e-17,  7.03353485e-17,
         4.72205489e-17,  5.59798824e-17],
       [ 6.93889390e-17, -1.94289029e-16, -2.42861287e-16,
        -1.11022302e-16,  2.08166817e-16,  5.55111512e-17,
         9.71445147e-17,  5.55111512e-17,  1.04083409e-16,
        -9.71445147e-17,  2.49800181e-16],
       [ 2.69733748e-18, -2.65135112e-18,  1.35601862e-16,
         5.40695937e-17,  5.11264139e-17, -8.87092213e-17,
        -1.52125469e-17, -1.10174097e-16, -1.48426924e-17,
         6.83755102e-17, -2.85573700e-17],
       [-1.94303053e-01,  3.34337470e-01,  1.08831523e-01,
         1.81781548e-01,  2.61252168e-01,  3.94636177e-01,
         2.24808449e-02,  1.84707261e-01,  4.87585691e-02,
        -9.09558172e-02, -1.90559758e-01],
       [ 5.82084887e-17,  3.89820123e-17,  7.48865399e-17,
         3.67223589e-17, -1.36223721e-16, -1.23813883e-17,
        -6.03153573e-17, -9.62963090e-17,  3.80663736e-17,
         7.66018849e-18, -1.53457460e-16],
       [ 3.14233119e-01,  2.30254468e-01,  9.56971541e-02,
         1.21131289e-01, -4.13621506e-02, -5.41677462e-02,
         7.98789464e-02, -7.16811586e-03,  7.80508990e-02,
         3.74823315e-02,  8.94532797e-02],
       [-1.34824203e-01, -3.12791811e-02,  4.20040640e-01,
         2.14445472e-01,  1.45003282e-01, -1.17546587e-01,
        -3.23278158e-01, -3.24251728e-01, -4.89963386e-02,
         3.01122470e-02,  1.03075489e-01],
       [ 1.71522913e-01, -1.21874117e-01, -2.83646073e-01,
        -5.08922698e-02,  2.58149095e-02,  3.45936952e-01,
        -5.25595799e-01, -6.48264158e-02,  1.32726395e-01,
         2.35554131e-01, -5.07725185e-02],
       [-1.92279506e-01,  3.60036145e-01, -2.91608092e-01,
        -2.13698601e-01,  1.27795065e-01, -5.69025124e-02,
         1.06115384e-02, -3.01946276e-01, -3.67721242e-01,
        -1.37379384e-01,  1.94769248e-01],
       [-2.68981571e-01,  5.61361262e-02, -1.48939405e-02,
         1.14612809e-02, -6.32451753e-04,  3.02198814e-02,
         7.74292228e-02,  1.64539664e-01,  1.59688245e-01,
         3.92186132e-01,  4.59186166e-01],
       [-1.37018358e-01, -2.80522572e-02,  3.30829779e-02,
        -4.22638991e-01,  2.39378615e-01, -1.57558998e-01,
        -2.42189351e-01,  1.77887732e-01,  2.98907940e-01,
        -2.91424694e-01,  6.75378492e-02],
       [-2.11946419e-01,  1.06825871e-01, -1.56437538e-01,
         1.31227363e-01, -2.76484004e-01, -7.36530699e-03,
         5.38941389e-02, -3.16504153e-01,  4.43547799e-01,
        -1.42041725e-01, -7.40676277e-02],
       [ 1.08083824e-03, -1.24328347e-01, -2.30579433e-01,
         2.53356345e-01,  2.33649236e-01, -1.42396856e-01,
        -3.63091163e-02,  6.10147145e-02,  5.69702157e-02,
        -2.51035343e-02, -2.38937738e-03],
       [-1.02960891e-01, -1.20397088e-01,  1.00562153e-01,
        -5.56959053e-02, -4.24424307e-01,  2.55362632e-01,
        -3.32387202e-01,  2.13589531e-01, -6.86311530e-02,
        -1.33291446e-01,  5.88908829e-02],
       [-2.12353066e-01,  1.44709672e-02,  3.43201265e-02,
        -3.18791729e-01,  2.32137222e-01, -5.87980294e-02,
         2.88817372e-01, -2.67436130e-01, -6.63899617e-02,
         1.20912649e-01, -1.45954785e-01],
       [ 3.14233119e-01,  2.30254468e-01,  9.56971541e-02,
         1.21131289e-01, -4.13621506e-02, -5.41677462e-02,
         7.98789464e-02, -7.16811586e-03,  7.80508990e-02,
         3.74823315e-02,  8.94532797e-02],
       [ 1.08083824e-03, -1.24328347e-01, -2.30579433e-01,
         2.53356345e-01,  2.33649236e-01, -1.42396856e-01,
        -3.63091163e-02,  6.10147145e-02,  5.69702157e-02,
        -2.51035343e-02, -2.38937738e-03],
       [ 1.08083824e-03, -1.24328347e-01, -2.30579433e-01,
         2.53356345e-01,  2.33649236e-01, -1.42396856e-01,
        -3.63091163e-02,  6.10147145e-02,  5.69702157e-02,
        -2.51035343e-02, -2.38937738e-03],
       [ 1.08083824e-03, -1.24328347e-01, -2.30579433e-01,
         2.53356345e-01,  2.33649236e-01, -1.42396856e-01,
        -3.63091163e-02,  6.10147145e-02,  5.69702157e-02,
        -2.51035343e-02, -2.38937738e-03],
       [ 1.65751253e-17, -7.20402902e-17,  1.11315733e-16,
        -2.91971332e-17, -2.52014190e-17,  1.61090959e-16,
        -7.28921025e-17, -1.06704650e-16, -7.90379853e-18,
        -1.74485776e-16,  1.65454403e-17]]), siphons=[{'S'}, {'U'}, {'X'}, {'Z'}, {'AB'}, {'AD'}, {'AH'}, {'AM'}, {'C', 'A'}, {'N', 'L'}, {'Q', 'P'}, {'AF', 'AG'}, {'AK', 'AL', 'AJ'}], traps=[{'V'}, {'W'}, {'Y'}, {'AA'}, {'AC'}, {'AE'}, {'AI'}, {'AN'}, {'K', 'O'}, {'N', 'L'}, {'Q', 'P'}, {'AF', 'AG'}, {'Q', 'K', 'N'}, {'P', 'O', 'L'}, {'AK', 'AL', 'AJ'}], persistence_ok=False, place_order=['1', '27', '28', '29', '30', '31', '32', '33', '34', '35', '36', '37', '38', '39', '40', '2', '3', '4', '5', '6', '7', '8', '9', '10', '11', '12', '13', '14', '15', '16', '17', '18', '19', '20', '21', '22', '23', '24', '25', '26'], transition_order=['41', '42', '43', '44', '45', '46', '47', '48', '49', '50', '51', '52', '53', '54', '55', '56', '57', '58', '59', '60', '61', '62', '63', '64', '65', '66', '67', '68', '69', '70', '71', '72', '73', '74'])
2026-04-18 00:52:16,518 | INFO | Saved JSON: /home/minh/Documents/Workspace/SynKit/Data/Study/CRN/case_glycolysis/json/12_petri_summary.json
2026-04-18 00:52:16,518 | INFO | Saved text: /home/minh/Documents/Workspace/SynKit/Data/Study/CRN/case_glycolysis/txt/15_petri_explain.txt
2026-04-18 00:52:16,518 | INFO | 
========================================================================================
Experiment 9A — Thermo-like structural analysis
========================================================================================
2026-04-18 00:52:16,577 | INFO | Thermo summary: ThermoSummary(conservative=True, consistent=False, example_conservation_law=array([0.02629598, 0.0166296 , 0.02660896, 0.02598301, 0.02660896,
       0.02598301, 0.02772093, 0.02487104, 0.02820287, 0.0243891 ,
       0.02407477, 0.02788854, 0.02692465, 0.02581404, 0.02677793,
       0.01440568, 0.02692194, 0.01377972, 0.03180787, 0.0174022 ,
       0.03011317, 0.03073913, 0.01536956, 0.01536956, 0.01802815,
       0.03131421, 0.03243383, 0.02127776, 0.01100034, 0.03131421,
       0.02127776, 0.03180787, 0.02948721, 0.03011317, 0.02660896,
       0.02598301, 0.02567003, 0.03155518, 0.02103679, 0.03040932]), irreversible_futile_cycles=True)
2026-04-18 00:52:16,578 | INFO | Saved JSON: /home/minh/Documents/Workspace/SynKit/Data/Study/CRN/case_glycolysis/json/14_thermo_summary.json
2026-04-18 00:52:16,578 | INFO | Saved text: /home/minh/Documents/Workspace/SynKit/Data/Study/CRN/case_glycolysis/txt/16_thermo_summary.txt
2026-04-18 00:52:16,578 | INFO | 
========================================================================================
Experiment 9B — Structural dynamics analysis
========================================================================================
2026-04-18 00:52:16,593 | INFO | Jacobian sparsity species order: [1, 27, 28, 29, 30, 31, 32, 33, 34, 35, 36, 37, 38, 39, 40, 2, 3, 4, 5, 6, 7, 8, 9, 10, 11, 12, 13, 14, 15, 16, 17, 18, 19, 20, 21, 22, 23, 24, 25, 26]
2026-04-18 00:52:16,594 | INFO | Jacobian sparsity shape: (40, 40)
2026-04-18 00:52:16,594 | INFO | Species influence graph: 40 nodes, 236 edges
2026-04-18 00:52:16,594 | INFO | Saved JSON: /home/minh/Documents/Workspace/SynKit/Data/Study/CRN/case_glycolysis/json/15_dynamics_jacobian_sparsity.json
2026-04-18 00:52:16,595 | INFO | Saved JSON: /home/minh/Documents/Workspace/SynKit/Data/Study/CRN/case_glycolysis/json/16_dynamics_jacobian_sign_pattern.json
2026-04-18 00:52:16,596 | INFO | Saved JSON: /home/minh/Documents/Workspace/SynKit/Data/Study/CRN/case_glycolysis/json/17_species_influence_graph.json
2026-04-18 00:52:16,601 | INFO | Structural singularity summary:
StructuralSingularitySummary(
  n_species            = 40
  structural_rank      = 32
  has_perfect_matching = False
  pattern_singular     = True
  determinant_checked  = False
  determinant_is_zero  = None
  classification       = singular_by_pattern
)
2026-04-18 00:52:16,601 | INFO | Saved JSON: /home/minh/Documents/Workspace/SynKit/Data/Study/CRN/case_glycolysis/json/18_structural_singularity_summary.json
2026-04-18 00:52:16,601 | INFO | Saved text: /home/minh/Documents/Workspace/SynKit/Data/Study/CRN/case_glycolysis/txt/17_structural_singularity_summary.txt
2026-04-18 00:52:16,601 | INFO | 
========================================================================================
Final compact summary
========================================================================================
2026-04-18 00:52:16,601 | INFO | {
  "network": {
    "n_species": 40,
    "n_reactions": 34,
    "n_rules": 34
  },
  "symmetry": {
    "has_nontrivial_automorphism": true,
    "automorphism_count": 2
  },
  "stoich": {
    "shape": [
      40,
      34
    ],
    "rank": 23,
    "dim_left_kernel": 17,
    "dim_right_kernel": 11
  },
  "path_H": {
    "qualitative_n": 2,
    "validated_n": 2,
    "realizable_certificate": [
      "50",
      "55",
      "52"
    ]
  },
  "path_I": {
    "qualitative_n": 2,
    "validated_n": 2,
    "realizable_certificate": [
      "50",
      "55",
      "52",
      "47"
    ]
  },
  "petri": {
    "persistence_ok": false,
    "n_siphons": 13,
    "n_traps": 15,
    "n_p_semiflows": 40,
    "n_t_semiflows": 34
  },
  "thermo": {
    "conservative": true,
    "consistent": false,
    "irreversible_futile_cycles": true
  },
  "dynamics": {
    "jacobian_n_species": 40,
    "jacobian_sparsity_shape": [
      40,
      40
    ],
    "species_influence_nodes": 40,
    "species_influence_edges": 236,
    "structural_singularity_classification": "singular_by_pattern"
  }
}
2026-04-18 00:52:16,602 | INFO | Saved JSON: /home/minh/Documents/Workspace/SynKit/Data/Study/CRN/case_glycolysis/json/13_final_summary.json
2026-04-18 00:52:16,602 | INFO | All outputs saved under: /home/minh/Documents/Workspace/SynKit/Data/Study/CRN/case_glycolysis
